This file contains any messages produced by compilers while
running configure, to aid debugging if configure makes a mistake.

It was created by configure, which was
generated by GNU Autoconf 2.67.  Invocation command line was

  $ ./configure 

## --------- ##
## Platform. ##
## --------- ##

hostname = ipad
uname -m = i686
uname -r = 3.11.0-26-generic
uname -s = Linux
uname -v = #45~precise1-Ubuntu SMP Tue Jul 15 04:02:35 UTC 2014

/usr/bin/uname -p = unknown
/bin/uname -X     = unknown

/bin/arch              = unknown
/usr/bin/arch -k       = unknown
/usr/convex/getsysinfo = unknown
/usr/bin/hostinfo      = unknown
/bin/machine           = unknown
/usr/bin/oslevel       = unknown
/bin/universe          = unknown

PATH: /usr/local/sbin
PATH: /usr/local/bin
PATH: /usr/sbin
PATH: /usr/bin
PATH: /sbin
PATH: /bin


## ----------- ##
## Core tests. ##
## ----------- ##

configure:2226: checking for gcc
configure:2242: found /usr/bin/gcc
configure:2253: result: gcc
configure:2482: checking for C compiler version
configure:2491: gcc --version >&5
gcc (Debian 4.4.5-8) 4.4.5
Copyright (C) 2010 Free Software Foundation, Inc.
This is free software; see the source for copying conditions.  There is NO
warranty; not even for MERCHANTABILITY or FITNESS FOR A PARTICULAR PURPOSE.

configure:2502: $? = 0
configure:2491: gcc -v >&5
Using built-in specs.
Target: i486-linux-gnu
Configured with: ../src/configure -v --with-pkgversion='Debian 4.4.5-8' --with-bugurl=file:///usr/share/doc/gcc-4.4/README.Bugs --enable-languages=c,c++,fortran,objc,obj-c++ --prefix=/usr --program-suffix=-4.4 --enable-shared --enable-multiarch --enable-linker-build-id --with-system-zlib --libexecdir=/usr/lib --without-included-gettext --enable-threads=posix --with-gxx-include-dir=/usr/include/c++/4.4 --libdir=/usr/lib --enable-nls --enable-clocale=gnu --enable-libstdcxx-debug --enable-objc-gc --enable-targets=all --with-arch-32=i586 --with-tune=generic --enable-checking=release --build=i486-linux-gnu --host=i486-linux-gnu --target=i486-linux-gnu
Thread model: posix
gcc version 4.4.5 (Debian 4.4.5-8) 
configure:2502: $? = 0
configure:2491: gcc -V >&5
gcc: '-V' option must have argument
configure:2502: $? = 1
configure:2491: gcc -qversion >&5
gcc: unrecognized option '-qversion'
gcc: no input files
configure:2502: $? = 1
configure:2522: checking whether the C compiler works
configure:2544: gcc    conftest.c  >&5
configure:2548: $? = 0
configure:2596: result: yes
configure:2599: checking for C compiler default output file name
configure:2601: result: a.out
configure:2607: checking for suffix of executables
configure:2614: gcc -o conftest    conftest.c  >&5
configure:2618: $? = 0
configure:2640: result: 
configure:2662: checking whether we are cross compiling
configure:2670: gcc -o conftest    conftest.c  >&5
configure:2674: $? = 0
configure:2681: ./conftest
configure:2685: $? = 0
configure:2700: result: no
configure:2705: checking for suffix of object files
configure:2727: gcc -c   conftest.c >&5
configure:2731: $? = 0
configure:2752: result: o
configure:2756: checking whether we are using the GNU C compiler
configure:2775: gcc -c   conftest.c >&5
configure:2775: $? = 0
configure:2784: result: yes
configure:2793: checking whether gcc accepts -g
configure:2813: gcc -c -g  conftest.c >&5
configure:2813: $? = 0
configure:2854: result: yes
configure:2871: checking for gcc option to accept ISO C89
configure:2935: gcc  -c -g -O2  conftest.c >&5
configure:2935: $? = 0
configure:2948: result: none needed
configure:3012: checking for a BSD-compatible install
configure:3080: result: /usr/bin/install -c
configure:3099: checking build system type
configure:3113: result: i686-pc-linux-gnu
configure:3133: checking host system type
configure:3146: result: i686-pc-linux-gnu
configure:3166: checking target system type
configure:3179: result: i686-pc-linux-gnu
configure:3241: checking for msvc cl.exe (optional)
configure:3256: result: not found
configure:3280: checking ocaml version is at least 3.08
configure:3297: result: version is 3.11.2, ok
configure:3321: checking existence of related ocaml tools
configure:3327: result: ok
configure:3350: checking for Perl
configure:3398: result: found version 5.010001, port linux
configure:3467: checking for gcc version
configure:3475: checking how to run the C preprocessor
configure:3506: gcc -E  conftest.c
configure:3506: $? = 0
configure:3520: gcc -E  conftest.c
conftest.c:9:28: error: ac_nonexistent.h: No such file or directory
configure:3520: $? = 1
configure: failed program was:
| /* confdefs.h */
| #define PACKAGE_NAME ""
| #define PACKAGE_TARNAME ""
| #define PACKAGE_VERSION ""
| #define PACKAGE_STRING ""
| #define PACKAGE_BUGREPORT ""
| #define PACKAGE_URL ""
| /* end confdefs.h.  */
| #include <ac_nonexistent.h>
configure:3545: result: gcc -E
configure:3565: gcc -E  conftest.c
configure:3565: $? = 0
configure:3579: gcc -E  conftest.c
conftest.c:9:28: error: ac_nonexistent.h: No such file or directory
configure:3579: $? = 1
configure: failed program was:
| /* confdefs.h */
| #define PACKAGE_NAME ""
| #define PACKAGE_TARNAME ""
| #define PACKAGE_VERSION ""
| #define PACKAGE_STRING ""
| #define PACKAGE_BUGREPORT ""
| #define PACKAGE_URL ""
| /* end confdefs.h.  */
| #include <ac_nonexistent.h>
configure:3608: checking for grep that handles long lines and -e
configure:3666: result: /bin/grep
configure:3671: checking for egrep
configure:3733: result: /bin/grep -E
configure:3738: checking for ANSI C header files
configure:3758: gcc -c -g -O2  conftest.c >&5
configure:3758: $? = 0
configure:3831: gcc -o conftest -g -O2   conftest.c  >&5
configure:3831: $? = 0
configure:3831: ./conftest
configure:3831: $? = 0
configure:3842: result: yes
configure:3855: checking for sys/types.h
configure:3855: gcc -c -g -O2  conftest.c >&5
configure:3855: $? = 0
configure:3855: result: yes
configure:3855: checking for sys/stat.h
configure:3855: gcc -c -g -O2  conftest.c >&5
configure:3855: $? = 0
configure:3855: result: yes
configure:3855: checking for stdlib.h
configure:3855: gcc -c -g -O2  conftest.c >&5
configure:3855: $? = 0
configure:3855: result: yes
configure:3855: checking for string.h
configure:3855: gcc -c -g -O2  conftest.c >&5
configure:3855: $? = 0
configure:3855: result: yes
configure:3855: checking for memory.h
configure:3855: gcc -c -g -O2  conftest.c >&5
configure:3855: $? = 0
configure:3855: result: yes
configure:3855: checking for strings.h
configure:3855: gcc -c -g -O2  conftest.c >&5
configure:3855: $? = 0
configure:3855: result: yes
configure:3855: checking for inttypes.h
configure:3855: gcc -c -g -O2  conftest.c >&5
configure:3855: $? = 0
configure:3855: result: yes
configure:3855: checking for stdint.h
configure:3855: gcc -c -g -O2  conftest.c >&5
configure:3855: $? = 0
configure:3855: result: yes
configure:3855: checking for unistd.h
configure:3855: gcc -c -g -O2  conftest.c >&5
configure:3855: $? = 0
configure:3855: result: yes
configure:3867: checking for __builtin_va_list
configure:3867: gcc -c -g -O2  conftest.c >&5
configure:3867: $? = 0
configure:3867: gcc -c -g -O2  conftest.c >&5
conftest.c: In function 'main':
conftest.c:55: error: expected expression before ')' token
configure:3867: $? = 1
configure: failed program was:
| /* confdefs.h */
| #define PACKAGE_NAME ""
| #define PACKAGE_TARNAME ""
| #define PACKAGE_VERSION ""
| #define PACKAGE_STRING ""
| #define PACKAGE_BUGREPORT ""
| #define PACKAGE_URL ""
| #define STDC_HEADERS 1
| #define HAVE_SYS_TYPES_H 1
| #define HAVE_SYS_STAT_H 1
| #define HAVE_STDLIB_H 1
| #define HAVE_STRING_H 1
| #define HAVE_MEMORY_H 1
| #define HAVE_STRINGS_H 1
| #define HAVE_INTTYPES_H 1
| #define HAVE_STDINT_H 1
| #define HAVE_UNISTD_H 1
| /* end confdefs.h.  */
| #include <stdio.h>
| #ifdef HAVE_SYS_TYPES_H
| # include <sys/types.h>
| #endif
| #ifdef HAVE_SYS_STAT_H
| # include <sys/stat.h>
| #endif
| #ifdef STDC_HEADERS
| # include <stdlib.h>
| # include <stddef.h>
| #else
| # ifdef HAVE_STDLIB_H
| #  include <stdlib.h>
| # endif
| #endif
| #ifdef HAVE_STRING_H
| # if !defined STDC_HEADERS && defined HAVE_MEMORY_H
| #  include <memory.h>
| # endif
| # include <string.h>
| #endif
| #ifdef HAVE_STRINGS_H
| # include <strings.h>
| #endif
| #ifdef HAVE_INTTYPES_H
| # include <inttypes.h>
| #endif
| #ifdef HAVE_STDINT_H
| # include <stdint.h>
| #endif
| #ifdef HAVE_UNISTD_H
| # include <unistd.h>
| #endif
| int
| main ()
| {
| if (sizeof ((__builtin_va_list)))
| 	    return 0;
|   ;
|   return 0;
| }
configure:3867: result: yes
configure:3874: checking if __thread is a keyword
configure:3880: gcc -c -g -O2  conftest.c >&5
conftest.c:19: error: storage class specified for parameter 'type name'
conftest.c: In function 'main':
conftest.c:19: error: parameter name omitted
configure:3880: $? = 1
configure: failed program was:
| /* confdefs.h */
| #define PACKAGE_NAME ""
| #define PACKAGE_TARNAME ""
| #define PACKAGE_VERSION ""
| #define PACKAGE_STRING ""
| #define PACKAGE_BUGREPORT ""
| #define PACKAGE_URL ""
| #define STDC_HEADERS 1
| #define HAVE_SYS_TYPES_H 1
| #define HAVE_SYS_STAT_H 1
| #define HAVE_STDLIB_H 1
| #define HAVE_STRING_H 1
| #define HAVE_MEMORY_H 1
| #define HAVE_STRINGS_H 1
| #define HAVE_INTTYPES_H 1
| #define HAVE_STDINT_H 1
| #define HAVE_UNISTD_H 1
| /* end confdefs.h.  */
| int main(int __thread) { return 0; }
configure:3886: result: true
configure:3891: checking if gcc adds underscores to assembly labels.
configure:3897: gcc -o conftest -g -O2   conftest.c  >&5
/tmp/ccUnYxRs.o: In function `main':
/root/cil/conftest.c:19: undefined reference to `_main'
collect2: ld returned 1 exit status
configure:3897: $? = 1
configure: failed program was:
| /* confdefs.h */
| #define PACKAGE_NAME ""
| #define PACKAGE_TARNAME ""
| #define PACKAGE_VERSION ""
| #define PACKAGE_STRING ""
| #define PACKAGE_BUGREPORT ""
| #define PACKAGE_URL ""
| #define STDC_HEADERS 1
| #define HAVE_SYS_TYPES_H 1
| #define HAVE_SYS_STAT_H 1
| #define HAVE_STDLIB_H 1
| #define HAVE_STRING_H 1
| #define HAVE_MEMORY_H 1
| #define HAVE_STRINGS_H 1
| #define HAVE_INTTYPES_H 1
| #define HAVE_STDINT_H 1
| #define HAVE_UNISTD_H 1
| /* end confdefs.h.  */
| int main() { __asm__("jmp _main"); }
configure:3904: result: false
configure:3912: checking for ANSI C header files
configure:4016: result: yes
configure:4027: checking for stdlib.h
configure:4027: result: yes
configure:4027: checking for strings.h
configure:4027: result: yes
configure:4027: checking sys/time.h usability
configure:4027: gcc -c -g -O2  conftest.c >&5
configure:4027: $? = 0
configure:4027: result: yes
configure:4027: checking sys/time.h presence
configure:4027: gcc -E  conftest.c
configure:4027: $? = 0
configure:4027: result: yes
configure:4027: checking for sys/time.h
configure:4027: result: yes
configure:4027: checking for unistd.h
configure:4027: result: yes
configure:4027: checking wchar.h usability
configure:4027: gcc -c -g -O2  conftest.c >&5
configure:4027: $? = 0
configure:4027: result: yes
configure:4027: checking wchar.h presence
configure:4027: gcc -E  conftest.c
configure:4027: $? = 0
configure:4027: result: yes
configure:4027: checking for wchar.h
configure:4027: result: yes
configure:4027: checking stdbool.h usability
configure:4027: gcc -c -g -O2  conftest.c >&5
configure:4027: $? = 0
configure:4027: result: yes
configure:4027: checking stdbool.h presence
configure:4027: gcc -E  conftest.c
configure:4027: $? = 0
configure:4027: result: yes
configure:4027: checking for stdbool.h
configure:4027: result: yes
configure:4039: checking for an ANSI C-conforming const
configure:4104: gcc -c -g -O2  conftest.c >&5
configure:4104: $? = 0
configure:4111: result: yes
configure:4119: checking for inline
configure:4135: gcc -c -g -O2  conftest.c >&5
configure:4135: $? = 0
configure:4143: result: inline
configure:4161: checking whether time.h and sys/time.h may both be included
configure:4181: gcc -c -g -O2  conftest.c >&5
configure:4181: $? = 0
configure:4188: result: yes
configure:4198: checking for working memcmp
configure:4241: gcc -o conftest -g -O2   conftest.c  >&5
configure:4241: $? = 0
configure:4241: ./conftest
configure:4241: $? = 0
configure:4251: result: yes
configure:4263: checking for mkdir
configure:4263: gcc -o conftest -g -O2   conftest.c  >&5
configure:4263: $? = 0
configure:4263: result: yes
configure:4263: checking for select
configure:4263: gcc -o conftest -g -O2   conftest.c  >&5
configure:4263: $? = 0
configure:4263: result: yes
configure:4263: checking for socket
configure:4263: gcc -o conftest -g -O2   conftest.c  >&5
configure:4263: $? = 0
configure:4263: result: yes
configure:4263: checking for __sysv_signal
configure:4263: gcc -o conftest -g -O2   conftest.c  >&5
configure:4263: $? = 0
configure:4263: result: yes
configure:4275: checking for real definition of size_t
configure:4292: gcc -c -g -O2  conftest.c >&5
conftest.c:38: error: conflicting types for 'foo'
conftest.c:37: note: previous declaration of 'foo' was here
configure:4292: $? = 1
configure: failed program was:
| /* confdefs.h */
| #define PACKAGE_NAME ""
| #define PACKAGE_TARNAME ""
| #define PACKAGE_VERSION ""
| #define PACKAGE_STRING ""
| #define PACKAGE_BUGREPORT ""
| #define PACKAGE_URL ""
| #define STDC_HEADERS 1
| #define HAVE_SYS_TYPES_H 1
| #define HAVE_SYS_STAT_H 1
| #define HAVE_STDLIB_H 1
| #define HAVE_STRING_H 1
| #define HAVE_MEMORY_H 1
| #define HAVE_STRINGS_H 1
| #define HAVE_INTTYPES_H 1
| #define HAVE_STDINT_H 1
| #define HAVE_UNISTD_H 1
| #define STDC_HEADERS 1
| #define HAVE_STDLIB_H 1
| #define HAVE_STRINGS_H 1
| #define HAVE_SYS_TIME_H 1
| #define HAVE_UNISTD_H 1
| #define HAVE_WCHAR_H 1
| #define HAVE_STDBOOL_H 1
| #define TIME_WITH_SYS_TIME 1
| #define HAVE_MKDIR 1
| #define HAVE_SELECT 1
| #define HAVE_SOCKET 1
| #define HAVE___SYSV_SIGNAL 1
| /* end confdefs.h.  */
| 
| #include <stddef.h>
| #include <wchar.h>
| /* We define a prototype with one type and the function with
|    another type.  This will result in compilation error
|    unless the types are really identical. */
| int foo(int x);
| size_t foo(size_t x) { return x; }
configure:4311: gcc -c -g -O2  conftest.c >&5
configure:4311: $? = 0
configure:4446: result: unsigned int
configure:4450: checking for real definition of wchar_t
configure:4467: gcc -c -g -O2  conftest.c >&5
configure:4467: $? = 0
configure:4621: result: int
configure:4631: result: configuring for linux/x86
configure:4843: checking obj/x86_LINUX and related files
configure:4853: result: done
configure:4904: checking whether to use CIL feature blockinggraph
configure:4911: result: no
configure:4904: checking whether to use CIL feature zrapp
configure:4911: result: no
configure:4904: checking whether to use CIL feature llvm
configure:4911: result: no
configure:5152: creating ./config.status

## ---------------------- ##
## Running config.status. ##
## ---------------------- ##

This file was extended by config.status, which was
generated by GNU Autoconf 2.67.  Invocation command line was

  CONFIG_FILES    = 
  CONFIG_HEADERS  = 
  CONFIG_LINKS    = 
  CONFIG_COMMANDS = 
  $ ./config.status 

on ipad

config.status:864: creating Makefile
config.status:864: creating META
config.status:864: creating config.mk
config.status:864: creating bin/cilly.bat
config.status:864: creating bin/patcher.bat
config.status:864: creating bin/CilConfig.pm
config.status:864: creating doc/index.html
config.status:864: creating doc/header.html
config.status:864: creating test/llvm/Makefile
config.status:864: creating src/machdep-ml.c
config.status:864: creating config.h
config.status:1038: config.h is unchanged

## ---------------- ##
## Cache variables. ##
## ---------------- ##

ac_cv_build=i686-pc-linux-gnu
ac_cv_c_compiler_gnu=yes
ac_cv_c_const=yes
ac_cv_c_inline=inline
ac_cv_env_CC_set=
ac_cv_env_CC_value=
ac_cv_env_CFLAGS_set=
ac_cv_env_CFLAGS_value=
ac_cv_env_CPPFLAGS_set=
ac_cv_env_CPPFLAGS_value=
ac_cv_env_CPP_set=
ac_cv_env_CPP_value=
ac_cv_env_LDFLAGS_set=
ac_cv_env_LDFLAGS_value=
ac_cv_env_LIBS_set=
ac_cv_env_LIBS_value=
ac_cv_env_build_alias_set=
ac_cv_env_build_alias_value=
ac_cv_env_host_alias_set=
ac_cv_env_host_alias_value=
ac_cv_env_target_alias_set=
ac_cv_env_target_alias_value=
ac_cv_func___sysv_signal=yes
ac_cv_func_memcmp_working=yes
ac_cv_func_mkdir=yes
ac_cv_func_select=yes
ac_cv_func_socket=yes
ac_cv_header_inttypes_h=yes
ac_cv_header_memory_h=yes
ac_cv_header_stdbool_h=yes
ac_cv_header_stdc=yes
ac_cv_header_stdint_h=yes
ac_cv_header_stdlib_h=yes
ac_cv_header_string_h=yes
ac_cv_header_strings_h=yes
ac_cv_header_sys_stat_h=yes
ac_cv_header_sys_time_h=yes
ac_cv_header_sys_types_h=yes
ac_cv_header_time=yes
ac_cv_header_unistd_h=yes
ac_cv_header_wchar_h=yes
ac_cv_host=i686-pc-linux-gnu
ac_cv_objext=o
ac_cv_path_EGREP='/bin/grep -E'
ac_cv_path_GREP=/bin/grep
ac_cv_path_install='/usr/bin/install -c'
ac_cv_prog_CPP='gcc -E'
ac_cv_prog_ac_ct_CC=gcc
ac_cv_prog_cc_c89=
ac_cv_prog_cc_g=yes
ac_cv_target=i686-pc-linux-gnu
ac_cv_type___builtin_va_list=yes

## ----------------- ##
## Output variables. ##
## ----------------- ##

ARCHOS='x86_LINUX'
CC='gcc'
CFLAGS='-g -O2'
CILHOME='/root/cil'
CIL_VERSION='1.4.0'
CIL_VERSION_MAJOR='1'
CIL_VERSION_MINOR='4'
CIL_VERSION_REV='0'
CPP='gcc -E'
CPPFLAGS=''
CYCLES_PER_USEC=''
DEFAULT_CIL_MODE='GNUCC'
DEFAULT_COMPILER='_GNUCC'
DEFS='-DHAVE_CONFIG_H'
ECHO_C=''
ECHO_N='-n'
ECHO_T=''
EGREP='/bin/grep -E'
EMUL=''
EXEEXT=''
EXTRAFEATURES=''
EXTRASRCDIRS=''
FLEXLINK=''
GREP='/bin/grep'
HAS_MSVC='no'
HAVE_BUILTIN_VA_LIST='true'
INSTALL_DATA='${INSTALL} -m 644'
INSTALL_PROGRAM='${INSTALL}'
INSTALL_SCRIPT='${INSTALL}'
LDFLAGS=''
LIBOBJS=''
LIBS=''
LTLIBOBJS=''
MINGW=''
OBJEXT='o'
PACKAGE_BUGREPORT=''
PACKAGE_NAME=''
PACKAGE_STRING=''
PACKAGE_TARNAME=''
PACKAGE_URL=''
PACKAGE_VERSION=''
PATH_SEPARATOR=':'
SHELL='/bin/bash'
THREAD_IS_KEYWORD='true'
UNDERSCORE_NAME='false'
ac_ct_CC='gcc'
bindir='${exec_prefix}/bin'
build='i686-pc-linux-gnu'
build_alias=''
build_cpu='i686'
build_os='linux-gnu'
build_vendor='pc'
datadir='${datarootdir}'
datarootdir='${prefix}/share'
docdir='${datarootdir}/doc/${PACKAGE}'
dvidir='${docdir}'
exec_prefix='${prefix}'
host='i686-pc-linux-gnu'
host_alias=''
host_cpu='i686'
host_os='linux-gnu'
host_vendor='pc'
htmldir='${docdir}'
includedir='${prefix}/include'
infodir='${datarootdir}/info'
libdir='${exec_prefix}/lib'
libexecdir='${exec_prefix}/libexec'
localedir='${datarootdir}/locale'
localstatedir='${prefix}/var'
mandir='${datarootdir}/man'
oldincludedir='/usr/include'
pdfdir='${docdir}'
prefix='/usr/local'
program_transform_name='s,x,x,'
psdir='${docdir}'
sbindir='${exec_prefix}/sbin'
sharedstatedir='${prefix}/com'
sysconfdir='${prefix}/etc'
target='i686-pc-linux-gnu'
target_alias=''
target_cpu='i686'
target_os='linux-gnu'
target_vendor='pc'

## ----------- ##
## confdefs.h. ##
## ----------- ##

/* confdefs.h */
#define PACKAGE_NAME ""
#define PACKAGE_TARNAME ""
#define PACKAGE_VERSION ""
#define PACKAGE_STRING ""
#define PACKAGE_BUGREPORT ""
#define PACKAGE_URL ""
#define STDC_HEADERS 1
#define HAVE_SYS_TYPES_H 1
#define HAVE_SYS_STAT_H 1
#define HAVE_STDLIB_H 1
#define HAVE_STRING_H 1
#define HAVE_MEMORY_H 1
#define HAVE_STRINGS_H 1
#define HAVE_INTTYPES_H 1
#define HAVE_STDINT_H 1
#define HAVE_UNISTD_H 1
#define STDC_HEADERS 1
#define HAVE_STDLIB_H 1
#define HAVE_STRINGS_H 1
#define HAVE_SYS_TIME_H 1
#define HAVE_UNISTD_H 1
#define HAVE_WCHAR_H 1
#define HAVE_STDBOOL_H 1
#define TIME_WITH_SYS_TIME 1
#define HAVE_MKDIR 1
#define HAVE_SELECT 1
#define HAVE_SOCKET 1
#define HAVE___SYSV_SIGNAL 1
#define TYPE_SIZE_T "unsigned int"
#define TYPE_WCHAR_T "int"

configure: exit 0

## ---------------------- ##
## Running config.status. ##
## ---------------------- ##

This file was extended by config.status, which was
generated by GNU Autoconf 2.67.  Invocation command line was

  CONFIG_FILES    = 
  CONFIG_HEADERS  = 
  CONFIG_LINKS    = 
  CONFIG_COMMANDS = 
  $ ./config.status --file=obj/x86_LINUX/cilversion.ml:src/cilversion.ml.in

on ipad

config.status:864: creating obj/x86_LINUX/cilversion.ml
